<?xml version="1.0" encoding="utf-8" standalone="no"?>
<test-results xmlns:xsi="http://www.w3.org/2001/XMLSchema-instance" xsi:noNamespaceSchemaLocation="nunit_schema_2.5.xsd" name="Pester" total="50" errors="0" failures="0" not-run="0" inconclusive="0" ignored="0" skipped="2" invalid="0" date="2021-08-29" time="09:06:57">
  <environment platform="Microsoft Windows 10 Enterprise|C:\WINDOWS|\Device\Harddisk0\Partition2" nunit-version="2.5.8.0" user-domain="THEFACEBOOK" clr-version="Unknown" cwd="C:\Users\gsanchez\repos\BeneathTheCanals\tests" machine-name="GSANCHEZ-116" user="gsanchez" os-version="10.0.19043" />
  <culture-info current-culture="en-US" current-uiculture="en-US" />
  <test-suite type="TestFixture" name="Pester" executed="True" result="Ignored" success="True" time="3.6053" asserts="0" description="Pester">
    <results>
      <test-suite type="TestFixture" name="C:\Users\gsanchez\repos\BeneathTheCanals\tests\BeneathTheCanals.tests.ps1" executed="True" result="Success" success="True" time="1.483" asserts="0" description="C:\Users\gsanchez\repos\BeneathTheCanals\tests\BeneathTheCanals.tests.ps1">
        <results>
          <test-suite type="TestFixture" name="New-CanalCatacomb" executed="True" result="Success" success="True" time="0.4231" asserts="0" description="New-CanalCatacomb">
            <results>
              <test-case description="Creates a new Catacomb" name="New-CanalCatacomb.Creates a new Catacomb" time="0.2308" asserts="0" success="True" result="Success" executed="True" />
              <test-case description="Creates a specific Catacomb" name="New-CanalCatacomb.Creates a specific Catacomb" time="0.0713" asserts="0" success="True" result="Success" executed="True" />
            </results>
          </test-suite>
          <test-suite type="TestFixture" name="New-CanalTimeOfDay" executed="True" result="Success" success="True" time="0.5211" asserts="0" description="New-CanalTimeOfDay">
            <results>
              <test-case description="Creates a random time of day" name="New-CanalTimeOfDay.Creates a random time of day" time="0.04" asserts="0" success="True" result="Success" executed="True" />
              <test-case description="Creates a specific period" name="New-CanalTimeOfDay.Creates a specific period" time="0.0516" asserts="0" success="True" result="Success" executed="True" />
            </results>
          </test-suite>
          <test-suite type="TestFixture" name="Test New-CanalEncounter" executed="True" result="Success" success="True" time="0.5689" asserts="0" description="Test New-CanalEncounter">
            <results>
              <test-case description="Creates a new random encounter" name="Test New-CanalEncounter.Creates a new random encounter" time="0.0403" asserts="0" success="True" result="Success" executed="True" />
            </results>
          </test-suite>
        </results>
      </test-suite>
      <test-suite type="TestFixture" name="C:\Users\gsanchez\repos\BeneathTheCanals\tests\Help.tests.ps1" executed="True" result="Success" success="True" time="1.1087" asserts="0" description="C:\Users\gsanchez\repos\BeneathTheCanals\tests\Help.tests.ps1">
        <results>
          <test-suite type="TestFixture" name="Test help for New-CanalCatacomb" executed="True" result="Success" success="True" time="0.2736" asserts="0" description="Test help for New-CanalCatacomb">
            <results>
              <test-suite type="TestFixture" name="Test help for New-CanalCatacomb.Parameter Category" executed="True" result="Success" success="True" time="0.2085" asserts="0" description="Test help for New-CanalCatacomb.Parameter Category">
                <results>
                  <test-case description="Has description" name="Test help for New-CanalCatacomb.Parameter Category.Has description" time="0.0225" asserts="0" success="True" result="Success" executed="True" />
                  <test-case description="Has correct [mandatory] value" name="Test help for New-CanalCatacomb.Parameter Category.Has correct [mandatory] value" time="0.021" asserts="0" success="True" result="Success" executed="True" />
                  <test-case description="Has correct parameter type" name="Test help for New-CanalCatacomb.Parameter Category.Has correct parameter type" time="0.0094" asserts="0" success="True" result="Success" executed="True" />
                </results>
              </test-suite>
              <test-suite type="TestFixture" name="Test help for New-CanalCatacomb.Parameter Room" executed="True" result="Success" success="True" time="0.2399" asserts="0" description="Test help for New-CanalCatacomb.Parameter Room">
                <results>
                  <test-case description="Has description" name="Test help for New-CanalCatacomb.Parameter Room.Has description" time="0.0154" asserts="0" success="True" result="Success" executed="True" />
                  <test-case description="Has correct [mandatory] value" name="Test help for New-CanalCatacomb.Parameter Room.Has correct [mandatory] value" time="0.0053" asserts="0" success="True" result="Success" executed="True" />
                  <test-case description="Has correct parameter type" name="Test help for New-CanalCatacomb.Parameter Room.Has correct parameter type" time="0.0048" asserts="0" success="True" result="Success" executed="True" />
                </results>
              </test-suite>
              <test-case description="Help is not auto-generated" name="Test help for New-CanalCatacomb.Help is not auto-generated" time="0.0247" asserts="0" success="True" result="Success" executed="True" />
              <test-case description="Has description" name="Test help for New-CanalCatacomb.Has description" time="0.0204" asserts="0" success="True" result="Success" executed="True" />
              <test-case description="Has example code" name="Test help for New-CanalCatacomb.Has example code" time="0.0246" asserts="0" success="True" result="Success" executed="True" />
              <test-case description="Has example help" name="Test help for New-CanalCatacomb.Has example help" time="0.0423" asserts="0" success="True" result="Success" executed="True" />
            </results>
          </test-suite>
          <test-suite type="TestFixture" name="Test help for New-CanalEncounter" executed="True" result="Success" success="True" time="0.3889" asserts="0" description="Test help for New-CanalEncounter">
            <results>
              <test-suite type="TestFixture" name="Test help for New-CanalEncounter.Parameter Catacomb" executed="True" result="Success" success="True" time="0.0654" asserts="0" description="Test help for New-CanalEncounter.Parameter Catacomb">
                <results>
                  <test-case description="Has description" name="Test help for New-CanalEncounter.Parameter Catacomb.Has description" time="0.0081" asserts="0" success="True" result="Success" executed="True" />
                  <test-case description="Has correct [mandatory] value" name="Test help for New-CanalEncounter.Parameter Catacomb.Has correct [mandatory] value" time="0.009" asserts="0" success="True" result="Success" executed="True" />
                  <test-case description="Has correct parameter type" name="Test help for New-CanalEncounter.Parameter Catacomb.Has correct parameter type" time="0.0074" asserts="0" success="True" result="Success" executed="True" />
                </results>
              </test-suite>
              <test-suite type="TestFixture" name="Test help for New-CanalEncounter.Parameter TimeOfDay" executed="True" result="Success" success="True" time="0.0912" asserts="0" description="Test help for New-CanalEncounter.Parameter TimeOfDay">
                <results>
                  <test-case description="Has description" name="Test help for New-CanalEncounter.Parameter TimeOfDay.Has description" time="0.0064" asserts="0" success="True" result="Success" executed="True" />
                  <test-case description="Has correct [mandatory] value" name="Test help for New-CanalEncounter.Parameter TimeOfDay.Has correct [mandatory] value" time="0.006" asserts="0" success="True" result="Success" executed="True" />
                  <test-case description="Has correct parameter type" name="Test help for New-CanalEncounter.Parameter TimeOfDay.Has correct parameter type" time="0.0069" asserts="0" success="True" result="Success" executed="True" />
                </results>
              </test-suite>
              <test-case description="Help is not auto-generated" name="Test help for New-CanalEncounter.Help is not auto-generated" time="0.008" asserts="0" success="True" result="Success" executed="True" />
              <test-case description="Has description" name="Test help for New-CanalEncounter.Has description" time="0.0061" asserts="0" success="True" result="Success" executed="True" />
              <test-case description="Has example code" name="Test help for New-CanalEncounter.Has example code" time="0.0067" asserts="0" success="True" result="Success" executed="True" />
              <test-case description="Has example help" name="Test help for New-CanalEncounter.Has example help" time="0.0111" asserts="0" success="True" result="Success" executed="True" />
            </results>
          </test-suite>
          <test-suite type="TestFixture" name="Test help for New-CanalItem" executed="True" result="Success" success="True" time="0.4455" asserts="0" description="Test help for New-CanalItem">
            <results>
              <test-case description="Help is not auto-generated" name="Test help for New-CanalItem.Help is not auto-generated" time="0.008" asserts="0" success="True" result="Success" executed="True" />
              <test-case description="Has description" name="Test help for New-CanalItem.Has description" time="0.0059" asserts="0" success="True" result="Success" executed="True" />
              <test-case description="Has example code" name="Test help for New-CanalItem.Has example code" time="0.0083" asserts="0" success="True" result="Success" executed="True" />
              <test-case description="Has example help" name="Test help for New-CanalItem.Has example help" time="0.0067" asserts="0" success="True" result="Success" executed="True" />
            </results>
          </test-suite>
          <test-suite type="TestFixture" name="Test help for New-CanalTimeOfDay" executed="True" result="Success" success="True" time="0.5392" asserts="0" description="Test help for New-CanalTimeOfDay">
            <results>
              <test-suite type="TestFixture" name="Test help for New-CanalTimeOfDay.Parameter Period" executed="True" result="Success" success="True" time="0.0709" asserts="0" description="Test help for New-CanalTimeOfDay.Parameter Period">
                <results>
                  <test-case description="Has description" name="Test help for New-CanalTimeOfDay.Parameter Period.Has description" time="0.0078" asserts="0" success="True" result="Success" executed="True" />
                  <test-case description="Has correct [mandatory] value" name="Test help for New-CanalTimeOfDay.Parameter Period.Has correct [mandatory] value" time="0.0089" asserts="0" success="True" result="Success" executed="True" />
                  <test-case description="Has correct parameter type" name="Test help for New-CanalTimeOfDay.Parameter Period.Has correct parameter type" time="0.0074" asserts="0" success="True" result="Success" executed="True" />
                </results>
              </test-suite>
              <test-case description="Help is not auto-generated" name="Test help for New-CanalTimeOfDay.Help is not auto-generated" time="0.0075" asserts="0" success="True" result="Success" executed="True" />
              <test-case description="Has description" name="Test help for New-CanalTimeOfDay.Has description" time="0.0044" asserts="0" success="True" result="Success" executed="True" />
              <test-case description="Has example code" name="Test help for New-CanalTimeOfDay.Has example code" time="0.0062" asserts="0" success="True" result="Success" executed="True" />
              <test-case description="Has example help" name="Test help for New-CanalTimeOfDay.Has example help" time="0.0188" asserts="0" success="True" result="Success" executed="True" />
            </results>
          </test-suite>
        </results>
      </test-suite>
      <test-suite type="TestFixture" name="C:\Users\gsanchez\repos\BeneathTheCanals\tests\Manifest.tests.ps1" executed="True" result="Ignored" success="True" time="0.6306" asserts="0" description="C:\Users\gsanchez\repos\BeneathTheCanals\tests\Manifest.tests.ps1">
        <results>
          <test-suite type="TestFixture" name="Module manifest" executed="True" result="Success" success="True" time="0.1818" asserts="0" description="Module manifest">
            <results>
              <test-suite type="TestFixture" name="Module manifest.Validation" executed="True" result="Success" success="True" time="0.1719" asserts="0" description="Module manifest.Validation">
                <results>
                  <test-case description="Has a valid manifest" name="Module manifest.Validation.Has a valid manifest" time="0.0226" asserts="0" success="True" result="Success" executed="True" />
                  <test-case description="Has a valid name in the manifest" name="Module manifest.Validation.Has a valid name in the manifest" time="0.0081" asserts="0" success="True" result="Success" executed="True" />
                  <test-case description="Has a valid root module" name="Module manifest.Validation.Has a valid root module" time="0.0291" asserts="0" success="True" result="Success" executed="True" />
                  <test-case description="Has a valid version in the manifest" name="Module manifest.Validation.Has a valid version in the manifest" time="0.0186" asserts="0" success="True" result="Success" executed="True" />
                  <test-case description="Has a valid description" name="Module manifest.Validation.Has a valid description" time="0.0084" asserts="0" success="True" result="Success" executed="True" />
                  <test-case description="Has a valid author" name="Module manifest.Validation.Has a valid author" time="0.0151" asserts="0" success="True" result="Success" executed="True" />
                  <test-case description="Has a valid guid" name="Module manifest.Validation.Has a valid guid" time="0.0297" asserts="0" success="True" result="Success" executed="True" />
                  <test-case description="Has a valid copyright" name="Module manifest.Validation.Has a valid copyright" time="0.0071" asserts="0" success="True" result="Success" executed="True" />
                  <test-case description="Has a valid version in the changelog" name="Module manifest.Validation.Has a valid version in the changelog" time="0.0072" asserts="0" success="True" result="Success" executed="True" />
                  <test-case description="Changelog and manifest versions are the same" name="Module manifest.Validation.Changelog and manifest versions are the same" time="0.0188" asserts="0" success="True" result="Success" executed="True" />
                </results>
              </test-suite>
            </results>
          </test-suite>
          <test-suite type="TestFixture" name="Git tagging" executed="True" result="Ignored" success="True" time="0.1972" asserts="0" description="Git tagging">
            <results>
              <test-case description="Is tagged with a valid version" name="Git tagging.Is tagged with a valid version" time="0.0086" asserts="0" success="False" result="Ignored" executed="False" />
              <test-case description="Matches manifest version" name="Git tagging.Matches manifest version" time="0.0024" asserts="0" success="False" result="Ignored" executed="False" />
            </results>
          </test-suite>
        </results>
      </test-suite>
      <test-suite type="TestFixture" name="C:\Users\gsanchez\repos\BeneathTheCanals\tests\Meta.tests.ps1" executed="True" result="Success" success="True" time="0.3829" asserts="0" description="C:\Users\gsanchez\repos\BeneathTheCanals\tests\Meta.tests.ps1">
        <results>
          <test-suite type="TestFixture" name="Text files formatting" executed="True" result="Success" success="True" time="0.0409" asserts="0" description="Text files formatting">
            <results>
              <test-suite type="TestFixture" name="Text files formatting.File encoding" executed="True" result="Success" success="True" time="0.0136" asserts="0" description="Text files formatting.File encoding">
                <results>
                  <test-case description="No text file uses Unicode/UTF-16 encoding" name="Text files formatting.File encoding.No text file uses Unicode/UTF-16 encoding" time="0.009" asserts="0" success="True" result="Success" executed="True" />
                </results>
              </test-suite>
              <test-suite type="TestFixture" name="Text files formatting.Indentations" executed="True" result="Success" success="True" time="0.0361" asserts="0" description="Text files formatting.Indentations">
                <results>
                  <test-case description="No text file use tabs for indentations" name="Text files formatting.Indentations.No text file use tabs for indentations" time="0.0178" asserts="0" success="True" result="Success" executed="True" />
                </results>
              </test-suite>
            </results>
          </test-suite>
        </results>
      </test-suite>
    </results>
  </test-suite>
</test-results>