<?xml version="1.0" encoding="utf-8" standalone="no"?>
<test-results xmlns:xsi="http://www.w3.org/2001/XMLSchema-instance" xsi:noNamespaceSchemaLocation="nunit_schema_2.5.xsd" name="Pester" total="50" errors="0" failures="0" not-run="0" inconclusive="0" ignored="0" skipped="2" invalid="0" date="2021-08-31" time="06:48:24">
  <environment user="gsanchez" os-version="10.0.19043" cwd="C:\Users\gsanchez\repos\BeneathTheCanals\tests" machine-name="GSANCHEZ-116" user-domain="THEFACEBOOK" platform="Microsoft Windows 10 Enterprise|C:\WINDOWS|\Device\Harddisk0\Partition2" clr-version="Unknown" nunit-version="2.5.8.0" />
  <culture-info current-culture="en-US" current-uiculture="en-US" />
  <test-suite type="TestFixture" name="Pester" executed="True" result="Ignored" success="True" time="4.4589" asserts="0" description="Pester">
    <results>
      <test-suite type="TestFixture" name="C:\Users\gsanchez\repos\BeneathTheCanals\tests\BeneathTheCanals.tests.ps1" executed="True" result="Success" success="True" time="1.7936" asserts="0" description="C:\Users\gsanchez\repos\BeneathTheCanals\tests\BeneathTheCanals.tests.ps1">
        <results>
          <test-suite type="TestFixture" name="New-CanalCatacomb" executed="True" result="Success" success="True" time="0.4615" asserts="0" description="New-CanalCatacomb">
            <results>
              <test-case description="Creates a new Catacomb" name="New-CanalCatacomb.Creates a new Catacomb" time="0.2606" asserts="0" success="True" result="Success" executed="True" />
              <test-case description="Creates a specific Catacomb" name="New-CanalCatacomb.Creates a specific Catacomb" time="0.0677" asserts="0" success="True" result="Success" executed="True" />
            </results>
          </test-suite>
          <test-suite type="TestFixture" name="New-CanalTimeOfDay" executed="True" result="Success" success="True" time="0.5783" asserts="0" description="New-CanalTimeOfDay">
            <results>
              <test-case description="Creates a random time of day" name="New-CanalTimeOfDay.Creates a random time of day" time="0.054" asserts="0" success="True" result="Success" executed="True" />
              <test-case description="Creates a specific period" name="New-CanalTimeOfDay.Creates a specific period" time="0.0567" asserts="0" success="True" result="Success" executed="True" />
            </results>
          </test-suite>
          <test-suite type="TestFixture" name="Test New-CanalEncounter" executed="True" result="Success" success="True" time="0.638" asserts="0" description="Test New-CanalEncounter">
            <results>
              <test-case description="Creates a new random encounter" name="Test New-CanalEncounter.Creates a new random encounter" time="0.0544" asserts="0" success="True" result="Success" executed="True" />
            </results>
          </test-suite>
        </results>
      </test-suite>
      <test-suite type="TestFixture" name="C:\Users\gsanchez\repos\BeneathTheCanals\tests\Help.tests.ps1" executed="True" result="Success" success="True" time="1.3823" asserts="0" description="C:\Users\gsanchez\repos\BeneathTheCanals\tests\Help.tests.ps1">
        <results>
          <test-suite type="TestFixture" name="Test help for New-CanalCatacomb" executed="True" result="Success" success="True" time="0.2965" asserts="0" description="Test help for New-CanalCatacomb">
            <results>
              <test-suite type="TestFixture" name="Test help for New-CanalCatacomb.Parameter Category" executed="True" result="Success" success="True" time="0.2252" asserts="0" description="Test help for New-CanalCatacomb.Parameter Category">
                <results>
                  <test-case description="Has description" name="Test help for New-CanalCatacomb.Parameter Category.Has description" time="0.0241" asserts="0" success="True" result="Success" executed="True" />
                  <test-case description="Has correct [mandatory] value" name="Test help for New-CanalCatacomb.Parameter Category.Has correct [mandatory] value" time="0.0234" asserts="0" success="True" result="Success" executed="True" />
                  <test-case description="Has correct parameter type" name="Test help for New-CanalCatacomb.Parameter Category.Has correct parameter type" time="0.0246" asserts="0" success="True" result="Success" executed="True" />
                </results>
              </test-suite>
              <test-suite type="TestFixture" name="Test help for New-CanalCatacomb.Parameter Room" executed="True" result="Success" success="True" time="0.2495" asserts="0" description="Test help for New-CanalCatacomb.Parameter Room">
                <results>
                  <test-case description="Has description" name="Test help for New-CanalCatacomb.Parameter Room.Has description" time="0.0119" asserts="0" success="True" result="Success" executed="True" />
                  <test-case description="Has correct [mandatory] value" name="Test help for New-CanalCatacomb.Parameter Room.Has correct [mandatory] value" time="0.0041" asserts="0" success="True" result="Success" executed="True" />
                  <test-case description="Has correct parameter type" name="Test help for New-CanalCatacomb.Parameter Room.Has correct parameter type" time="0.0043" asserts="0" success="True" result="Success" executed="True" />
                </results>
              </test-suite>
              <test-case description="Help is not auto-generated" name="Test help for New-CanalCatacomb.Help is not auto-generated" time="0.0228" asserts="0" success="True" result="Success" executed="True" />
              <test-case description="Has description" name="Test help for New-CanalCatacomb.Has description" time="0.0248" asserts="0" success="True" result="Success" executed="True" />
              <test-case description="Has example code" name="Test help for New-CanalCatacomb.Has example code" time="0.0277" asserts="0" success="True" result="Success" executed="True" />
              <test-case description="Has example help" name="Test help for New-CanalCatacomb.Has example help" time="0.0355" asserts="0" success="True" result="Success" executed="True" />
            </results>
          </test-suite>
          <test-suite type="TestFixture" name="Test help for New-CanalEncounter" executed="True" result="Success" success="True" time="0.4565" asserts="0" description="Test help for New-CanalEncounter">
            <results>
              <test-suite type="TestFixture" name="Test help for New-CanalEncounter.Parameter Catacomb" executed="True" result="Success" success="True" time="0.0875" asserts="0" description="Test help for New-CanalEncounter.Parameter Catacomb">
                <results>
                  <test-case description="Has description" name="Test help for New-CanalEncounter.Parameter Catacomb.Has description" time="0.0138" asserts="0" success="True" result="Success" executed="True" />
                  <test-case description="Has correct [mandatory] value" name="Test help for New-CanalEncounter.Parameter Catacomb.Has correct [mandatory] value" time="0.0216" asserts="0" success="True" result="Success" executed="True" />
                  <test-case description="Has correct parameter type" name="Test help for New-CanalEncounter.Parameter Catacomb.Has correct parameter type" time="0.0144" asserts="0" success="True" result="Success" executed="True" />
                </results>
              </test-suite>
              <test-suite type="TestFixture" name="Test help for New-CanalEncounter.Parameter TimeOfDay" executed="True" result="Success" success="True" time="0.136" asserts="0" description="Test help for New-CanalEncounter.Parameter TimeOfDay">
                <results>
                  <test-case description="Has description" name="Test help for New-CanalEncounter.Parameter TimeOfDay.Has description" time="0.0173" asserts="0" success="True" result="Success" executed="True" />
                  <test-case description="Has correct [mandatory] value" name="Test help for New-CanalEncounter.Parameter TimeOfDay.Has correct [mandatory] value" time="0.0174" asserts="0" success="True" result="Success" executed="True" />
                  <test-case description="Has correct parameter type" name="Test help for New-CanalEncounter.Parameter TimeOfDay.Has correct parameter type" time="0.0059" asserts="0" success="True" result="Success" executed="True" />
                </results>
              </test-suite>
              <test-case description="Help is not auto-generated" name="Test help for New-CanalEncounter.Help is not auto-generated" time="0.0055" asserts="0" success="True" result="Success" executed="True" />
              <test-case description="Has description" name="Test help for New-CanalEncounter.Has description" time="0.0052" asserts="0" success="True" result="Success" executed="True" />
              <test-case description="Has example code" name="Test help for New-CanalEncounter.Has example code" time="0.0088" asserts="0" success="True" result="Success" executed="True" />
              <test-case description="Has example help" name="Test help for New-CanalEncounter.Has example help" time="0.0067" asserts="0" success="True" result="Success" executed="True" />
            </results>
          </test-suite>
          <test-suite type="TestFixture" name="Test help for New-CanalItem" executed="True" result="Success" success="True" time="0.5294" asserts="0" description="Test help for New-CanalItem">
            <results>
              <test-case description="Help is not auto-generated" name="Test help for New-CanalItem.Help is not auto-generated" time="0.0181" asserts="0" success="True" result="Success" executed="True" />
              <test-case description="Has description" name="Test help for New-CanalItem.Has description" time="0.0058" asserts="0" success="True" result="Success" executed="True" />
              <test-case description="Has example code" name="Test help for New-CanalItem.Has example code" time="0.0184" asserts="0" success="True" result="Success" executed="True" />
              <test-case description="Has example help" name="Test help for New-CanalItem.Has example help" time="0.0045" asserts="0" success="True" result="Success" executed="True" />
            </results>
          </test-suite>
          <test-suite type="TestFixture" name="Test help for New-CanalTimeOfDay" executed="True" result="Success" success="True" time="0.7457" asserts="0" description="Test help for New-CanalTimeOfDay">
            <results>
              <test-suite type="TestFixture" name="Test help for New-CanalTimeOfDay.Parameter Period" executed="True" result="Success" success="True" time="0.1932" asserts="0" description="Test help for New-CanalTimeOfDay.Parameter Period">
                <results>
                  <test-case description="Has description" name="Test help for New-CanalTimeOfDay.Parameter Period.Has description" time="0.1015" asserts="0" success="True" result="Success" executed="True" />
                  <test-case description="Has correct [mandatory] value" name="Test help for New-CanalTimeOfDay.Parameter Period.Has correct [mandatory] value" time="0.0111" asserts="0" success="True" result="Success" executed="True" />
                  <test-case description="Has correct parameter type" name="Test help for New-CanalTimeOfDay.Parameter Period.Has correct parameter type" time="0.0175" asserts="0" success="True" result="Success" executed="True" />
                </results>
              </test-suite>
              <test-case description="Help is not auto-generated" name="Test help for New-CanalTimeOfDay.Help is not auto-generated" time="0.0063" asserts="0" success="True" result="Success" executed="True" />
              <test-case description="Has description" name="Test help for New-CanalTimeOfDay.Has description" time="0.0064" asserts="0" success="True" result="Success" executed="True" />
              <test-case description="Has example code" name="Test help for New-CanalTimeOfDay.Has example code" time="0.0061" asserts="0" success="True" result="Success" executed="True" />
              <test-case description="Has example help" name="Test help for New-CanalTimeOfDay.Has example help" time="0.0358" asserts="0" success="True" result="Success" executed="True" />
            </results>
          </test-suite>
        </results>
      </test-suite>
      <test-suite type="TestFixture" name="C:\Users\gsanchez\repos\BeneathTheCanals\tests\Manifest.tests.ps1" executed="True" result="Ignored" success="True" time="0.7788" asserts="0" description="C:\Users\gsanchez\repos\BeneathTheCanals\tests\Manifest.tests.ps1">
        <results>
          <test-suite type="TestFixture" name="Module manifest" executed="True" result="Success" success="True" time="0.2171" asserts="0" description="Module manifest">
            <results>
              <test-suite type="TestFixture" name="Module manifest.Validation" executed="True" result="Success" success="True" time="0.2131" asserts="0" description="Module manifest.Validation">
                <results>
                  <test-case description="Has a valid manifest" name="Module manifest.Validation.Has a valid manifest" time="0.0206" asserts="0" success="True" result="Success" executed="True" />
                  <test-case description="Has a valid name in the manifest" name="Module manifest.Validation.Has a valid name in the manifest" time="0.0151" asserts="0" success="True" result="Success" executed="True" />
                  <test-case description="Has a valid root module" name="Module manifest.Validation.Has a valid root module" time="0.0157" asserts="0" success="True" result="Success" executed="True" />
                  <test-case description="Has a valid version in the manifest" name="Module manifest.Validation.Has a valid version in the manifest" time="0.0195" asserts="0" success="True" result="Success" executed="True" />
                  <test-case description="Has a valid description" name="Module manifest.Validation.Has a valid description" time="0.0177" asserts="0" success="True" result="Success" executed="True" />
                  <test-case description="Has a valid author" name="Module manifest.Validation.Has a valid author" time="0.0176" asserts="0" success="True" result="Success" executed="True" />
                  <test-case description="Has a valid guid" name="Module manifest.Validation.Has a valid guid" time="0.047" asserts="0" success="True" result="Success" executed="True" />
                  <test-case description="Has a valid copyright" name="Module manifest.Validation.Has a valid copyright" time="0.018" asserts="0" success="True" result="Success" executed="True" />
                  <test-case description="Has a valid version in the changelog" name="Module manifest.Validation.Has a valid version in the changelog" time="0.0167" asserts="0" success="True" result="Success" executed="True" />
                  <test-case description="Changelog and manifest versions are the same" name="Module manifest.Validation.Changelog and manifest versions are the same" time="0.0202" asserts="0" success="True" result="Success" executed="True" />
                </results>
              </test-suite>
            </results>
          </test-suite>
          <test-suite type="TestFixture" name="Git tagging" executed="True" result="Ignored" success="True" time="0.2315" asserts="0" description="Git tagging">
            <results>
              <test-case description="Is tagged with a valid version" name="Git tagging.Is tagged with a valid version" time="0.0082" asserts="0" success="False" result="Ignored" executed="False" />
              <test-case description="Matches manifest version" name="Git tagging.Matches manifest version" time="0.0023" asserts="0" success="False" result="Ignored" executed="False" />
            </results>
          </test-suite>
        </results>
      </test-suite>
      <test-suite type="TestFixture" name="C:\Users\gsanchez\repos\BeneathTheCanals\tests\Meta.tests.ps1" executed="True" result="Success" success="True" time="0.5043" asserts="0" description="C:\Users\gsanchez\repos\BeneathTheCanals\tests\Meta.tests.ps1">
        <results>
          <test-suite type="TestFixture" name="Text files formatting" executed="True" result="Success" success="True" time="0.0558" asserts="0" description="Text files formatting">
            <results>
              <test-suite type="TestFixture" name="Text files formatting.File encoding" executed="True" result="Success" success="True" time="0.0272" asserts="0" description="Text files formatting.File encoding">
                <results>
                  <test-case description="No text file uses Unicode/UTF-16 encoding" name="Text files formatting.File encoding.No text file uses Unicode/UTF-16 encoding" time="0.0229" asserts="0" success="True" result="Success" executed="True" />
                </results>
              </test-suite>
              <test-suite type="TestFixture" name="Text files formatting.Indentations" executed="True" result="Success" success="True" time="0.0519" asserts="0" description="Text files formatting.Indentations">
                <results>
                  <test-case description="No text file use tabs for indentations" name="Text files formatting.Indentations.No text file use tabs for indentations" time="0.0205" asserts="0" success="True" result="Success" executed="True" />
                </results>
              </test-suite>
            </results>
          </test-suite>
        </results>
      </test-suite>
    </results>
  </test-suite>
</test-results>